[17:31:05] [main/DEBUG] [FML/]: Injecting tracing printstreams for STDOUT/STDERR.
[17:31:05] [main/INFO] [FML/]: Forge Mod Loader version 7.99.40.1614 for Minecraft 1.7.10 loading
[17:31:05] [main/INFO] [FML/]: Java is Java HotSpot(TM) 64-Bit Server VM, version 1.8.0_202, running on Linux:amd64:5.19.15-xanmod1, installed at /home/lapinator/dev/minecraft_launcher/launcher/minecraft/runtime/jre-legacy/linux/jre-legacy
[17:31:05] [main/DEBUG] [FML/]: Java classpath at launch is launcher/minecraft/libraries/net/minecraftforge/forge/1.7.10-10.13.4.1614-1.7.10/forge-1.7.10-10.13.4.1614-1.7.10.jar:launcher/minecraft/libraries/net/minecraft/launchwrapper/1.12/launchwrapper-1.12.jar:launcher/minecraft/libraries/org/ow2/asm/asm-all/5.0.3/asm-all-5.0.3.jar:launcher/minecraft/libraries/com/typesafe/akka/akka-actor_2.11/2.3.3/akka-actor_2.11-2.3.3.jar:launcher/minecraft/libraries/com/typesafe/config/1.2.1/config-1.2.1.jar:launcher/minecraft/libraries/org/scala-lang/scala-actors-migration_2.11/1.1.0/scala-actors-migration_2.11-1.1.0.jar:launcher/minecraft/libraries/org/scala-lang/scala-compiler/2.11.1/scala-compiler-2.11.1.jar:launcher/minecraft/libraries/org/scala-lang/plugins/scala-continuations-library_2.11/1.0.2/scala-continuations-library_2.11-1.0.2.jar:launcher/minecraft/libraries/org/scala-lang/plugins/scala-continuations-plugin_2.11.1/1.0.2/scala-continuations-plugin_2.11.1-1.0.2.jar:launcher/minecraft/libraries/org/scala-lang/scala-library/2.11.1/scala-library-2.11.1.jar:launcher/minecraft/libraries/org/scala-lang/scala-parser-combinators_2.11/1.0.1/scala-parser-combinators_2.11-1.0.1.jar:launcher/minecraft/libraries/org/scala-lang/scala-reflect/2.11.1/scala-reflect-2.11.1.jar:launcher/minecraft/libraries/org/scala-lang/scala-swing_2.11/1.0.1/scala-swing_2.11-1.0.1.jar:launcher/minecraft/libraries/org/scala-lang/scala-xml_2.11/1.0.2/scala-xml_2.11-1.0.2.jar:launcher/minecraft/libraries/lzma/lzma/0.0.1/lzma-0.0.1.jar:launcher/minecraft/libraries/net/sf/jopt-simple/jopt-simple/4.5/jopt-simple-4.5.jar:launcher/minecraft/libraries/com/google/guava/guava/17.0/guava-17.0.jar:launcher/minecraft/libraries/org/apache/commons/commons-lang3/3.3.2/commons-lang3-3.3.2.jar:launcher/minecraft/libraries/com/mojang/netty/1.8.8/netty-1.8.8.jar:launcher/minecraft/libraries/com/mojang/realms/1.3.5/realms-1.3.5.jar:launcher/minecraft/libraries/org/apache/commons/commons-compress/1.8.1/commons-compress-1.8.1.jar:launcher/minecraft/libraries/org/apache/httpcomponents/httpclient/4.3.3/httpclient-4.3.3.jar:launcher/minecraft/libraries/commons-logging/commons-logging/1.1.3/commons-logging-1.1.3.jar:launcher/minecraft/libraries/org/apache/httpcomponents/httpcore/4.3.2/httpcore-4.3.2.jar:launcher/minecraft/libraries/java3d/vecmath/1.3.1/vecmath-1.3.1.jar:launcher/minecraft/libraries/net/sf/trove4j/trove4j/3.0.3/trove4j-3.0.3.jar:launcher/minecraft/libraries/com/ibm/icu/icu4j-core-mojang/51.2/icu4j-core-mojang-51.2.jar:launcher/minecraft/libraries/net/sf/jopt-simple/jopt-simple/4.5/jopt-simple-4.5.jar:launcher/minecraft/libraries/com/paulscode/codecjorbis/20101023/codecjorbis-20101023.jar:launcher/minecraft/libraries/com/paulscode/codecwav/20101023/codecwav-20101023.jar:launcher/minecraft/libraries/com/paulscode/libraryjavasound/20101123/libraryjavasound-20101123.jar:launcher/minecraft/libraries/com/paulscode/librarylwjglopenal/20100824/librarylwjglopenal-20100824.jar:launcher/minecraft/libraries/com/paulscode/soundsystem/20120107/soundsystem-20120107.jar:launcher/minecraft/libraries/io/netty/netty-all/4.0.10.Final/netty-all-4.0.10.Final.jar:launcher/minecraft/libraries/com/google/guava/guava/15.0/guava-15.0.jar:launcher/minecraft/libraries/org/apache/commons/commons-lang3/3.1/commons-lang3-3.1.jar:launcher/minecraft/libraries/commons-io/commons-io/2.4/commons-io-2.4.jar:launcher/minecraft/libraries/commons-codec/commons-codec/1.9/commons-codec-1.9.jar:launcher/minecraft/libraries/net/java/jinput/jinput/2.0.5/jinput-2.0.5.jar:launcher/minecraft/libraries/net/java/jutils/jutils/1.0.0/jutils-1.0.0.jar:launcher/minecraft/libraries/com/google/code/gson/gson/2.2.4/gson-2.2.4.jar:launcher/minecraft/libraries/com/mojang/authlib/1.5.21/authlib-1.5.21.jar:launcher/minecraft/libraries/org/apache/logging/log4j/log4j-api/2.0-beta9/log4j-api-2.0-beta9.jar:launcher/minecraft/libraries/org/apache/logging/log4j/log4j-core/2.0-beta9/log4j-core-2.0-beta9.jar:launcher/minecraft/libraries/org/lwjgl/lwjgl/lwjgl/2.9.1/lwjgl-2.9.1.jar:launcher/minecraft/libraries/org/lwjgl/lwjgl/lwjgl_util/2.9.1/lwjgl_util-2.9.1.jar:launcher/minecraft/libraries/org/lwjgl/lwjgl/lwjgl-platform/2.9.1/lwjgl-platform-2.9.1.jar:launcher/minecraft/libraries/org/lwjgl/lwjgl/lwjgl-platform/2.9.1/lwjgl-platform-2.9.1-natives-linux.jar:launcher/minecraft/libraries/net/java/jinput/jinput-platform/2.0.5/jinput-platform-2.0.5.jar:launcher/minecraft/libraries/net/java/jinput/jinput-platform/2.0.5/jinput-platform-2.0.5-natives-linux.jar:launcher/minecraft/libraries/tv/twitch/twitch/5.16/twitch-5.16.jar:launcher/minecraft/versions/1.7.10/1.7.10.jar
[17:31:05] [main/DEBUG] [FML/]: Java library path at launch is launcher/minecraft/versions/1.7.10-Forge10.13.4.1614-1.7.10/natives
[17:31:05] [main/DEBUG] [FML/]: Enabling runtime deobfuscation
[17:31:05] [main/DEBUG] [FML/]: Instantiating coremod class FMLCorePlugin
[17:31:05] [main/DEBUG] [FML/]: Added access transformer class cpw.mods.fml.common.asm.transformers.AccessTransformer to enqueued access transformers
[17:31:05] [main/DEBUG] [FML/]: Enqueued coremod FMLCorePlugin
[17:31:05] [main/DEBUG] [FML/]: Instantiating coremod class FMLForgePlugin
[17:31:05] [main/DEBUG] [FML/]: Added access transformer class net.minecraftforge.transformers.ForgeAccessTransformer to enqueued access transformers
[17:31:05] [main/DEBUG] [FML/]: Enqueued coremod FMLForgePlugin
[17:31:05] [main/DEBUG] [FML/]: All fundamental core mods are successfully located
[17:31:05] [main/DEBUG] [FML/]: Attempting to load commandline specified mods, relative to /home/lapinator/dev/minecraft_launcher/launcher/minecraft
[17:31:05] [main/DEBUG] [FML/]: Discovering coremods
[17:31:05] [main/INFO] [LaunchWrapper/]: Loading tweak class name cpw.mods.fml.common.launcher.FMLInjectionAndSortingTweaker
[17:31:05] [main/INFO] [LaunchWrapper/]: Loading tweak class name cpw.mods.fml.common.launcher.FMLDeobfTweaker
[17:31:05] [main/INFO] [LaunchWrapper/]: Calling tweak class cpw.mods.fml.common.launcher.FMLInjectionAndSortingTweaker
[17:31:05] [main/INFO] [LaunchWrapper/]: Calling tweak class cpw.mods.fml.common.launcher.FMLInjectionAndSortingTweaker
[17:31:05] [main/INFO] [LaunchWrapper/]: Calling tweak class cpw.mods.fml.relauncher.CoreModManager$FMLPluginWrapper
[17:31:05] [main/DEBUG] [FML/]: Injecting coremod FMLCorePlugin {cpw.mods.fml.relauncher.FMLCorePlugin} class transformers
[17:31:05] [main/TRACE] [FML/]: Registering transformer cpw.mods.fml.common.asm.transformers.MarkerTransformer
[17:31:05] [main/TRACE] [FML/]: Registering transformer cpw.mods.fml.common.asm.transformers.SideTransformer
[17:31:05] [main/TRACE] [FML/]: Registering transformer cpw.mods.fml.common.asm.transformers.EventSubscriptionTransformer
[17:31:05] [main/DEBUG] [FML/]: Injection complete
[17:31:05] [main/DEBUG] [FML/]: Running coremod plugin for FMLCorePlugin {cpw.mods.fml.relauncher.FMLCorePlugin}
[17:31:05] [main/DEBUG] [FML/]: Running coremod plugin FMLCorePlugin
[17:31:06] [main/DEBUG] [FML/]: Read 527 binary patches
[17:31:06] [main/INFO] [FML/]: Found valid fingerprint for Minecraft Forge. Certificate fingerprint e3c3d50c7c986df74c645c0ac54639741c90a557
[17:31:06] [main/INFO] [FML/]: Found valid fingerprint for Minecraft. Certificate fingerprint cd99959656f753dc28d863b46769f7f8fbaefcfc
[17:31:06] [main/DEBUG] [FML/]: Coremod plugin class FMLCorePlugin run successfully
[17:31:06] [main/INFO] [LaunchWrapper/]: Calling tweak class cpw.mods.fml.relauncher.CoreModManager$FMLPluginWrapper
[17:31:06] [main/DEBUG] [FML/]: Injecting coremod FMLForgePlugin {net.minecraftforge.classloading.FMLForgePlugin} class transformers
[17:31:06] [main/TRACE] [FML/]: Registering transformer net.minecraftforge.classloading.FluidIdTransformer
[17:31:06] [main/DEBUG] [FML/]: Injection complete
[17:31:06] [main/DEBUG] [FML/]: Running coremod plugin for FMLForgePlugin {net.minecraftforge.classloading.FMLForgePlugin}
[17:31:06] [main/DEBUG] [FML/]: Running coremod plugin FMLForgePlugin
[17:31:06] [main/DEBUG] [FML/]: Coremod plugin class FMLForgePlugin run successfully
[17:31:06] [main/INFO] [LaunchWrapper/]: Calling tweak class cpw.mods.fml.common.launcher.FMLDeobfTweaker
[17:31:06] [main/DEBUG] [FML/]: Loaded 57 rules from AccessTransformer config file fml_at.cfg
[17:31:06] [main/DEBUG] [FML/]: Loaded 89 rules from AccessTransformer config file forge_at.cfg
[17:31:06] [main/DEBUG] [FML/]: Validating minecraft
[17:31:06] [main/DEBUG] [FML/]: Minecraft validated, launching...
[17:31:06] [main/INFO] [LaunchWrapper/]: Loading tweak class name cpw.mods.fml.common.launcher.TerminalTweaker
[17:31:06] [main/INFO] [LaunchWrapper/]: Calling tweak class cpw.mods.fml.common.launcher.TerminalTweaker
[17:31:06] [main/INFO] [LaunchWrapper/]: Launching wrapped minecraft {net.minecraft.client.main.Main}
[17:31:07] [main/ERROR] [LaunchWrapper/]: Unable to launch
java.lang.reflect.InvocationTargetException
	at sun.reflect.NativeMethodAccessorImpl.invoke0(Native Method) ~[?:1.8.0_202]
	at sun.reflect.NativeMethodAccessorImpl.invoke(NativeMethodAccessorImpl.java:62) ~[?:1.8.0_202]
	at sun.reflect.DelegatingMethodAccessorImpl.invoke(DelegatingMethodAccessorImpl.java:43) ~[?:1.8.0_202]
	at java.lang.reflect.Method.invoke(Method.java:498) ~[?:1.8.0_202]
	at net.minecraft.launchwrapper.Launch.launch(Launch.java:135) [launchwrapper-1.12.jar:?]
	at net.minecraft.launchwrapper.Launch.main(Launch.java:28) [launchwrapper-1.12.jar:?]
Caused by: java.lang.UnsatisfiedLinkError: no lwjgl in java.library.path
	at java.lang.ClassLoader.loadLibrary(ClassLoader.java:1867) ~[?:1.8.0_202]
	at java.lang.Runtime.loadLibrary0(Runtime.java:870) ~[?:1.8.0_202]
	at java.lang.System.loadLibrary(System.java:1122) ~[?:1.8.0_202]
	at org.lwjgl.Sys$1.run(Sys.java:73) ~[lwjgl-2.9.1.jar:?]
	at java.security.AccessController.doPrivileged(Native Method) ~[?:1.8.0_202]
	at org.lwjgl.Sys.doLoadLibrary(Sys.java:66) ~[lwjgl-2.9.1.jar:?]
	at org.lwjgl.Sys.loadLibrary(Sys.java:95) ~[lwjgl-2.9.1.jar:?]
	at org.lwjgl.Sys.<clinit>(Sys.java:112) ~[lwjgl-2.9.1.jar:?]
	at net.minecraft.client.Minecraft.func_71386_F(Minecraft.java:2671) ~[bao.class:?]
	at net.minecraft.client.main.Main.main(SourceFile:72) ~[Main.class:?]
	... 6 more
[17:31:07] [main/INFO] [STDERR/]: [java.lang.Throwable$WrappedPrintStream:println:748]: cpw.mods.fml.relauncher.FMLSecurityManager$ExitTrappedException
[17:31:07] [main/INFO] [STDERR/]: [java.lang.Throwable$WrappedPrintStream:println:748]: 	at cpw.mods.fml.relauncher.FMLSecurityManager.checkPermission(FMLSecurityManager.java:25)
[17:31:07] [main/INFO] [STDERR/]: [java.lang.Throwable$WrappedPrintStream:println:748]: 	at java.lang.SecurityManager.checkExit(SecurityManager.java:761)
[17:31:07] [main/INFO] [STDERR/]: [java.lang.Throwable$WrappedPrintStream:println:748]: 	at java.lang.Runtime.exit(Runtime.java:107)
[17:31:07] [main/INFO] [STDERR/]: [java.lang.Throwable$WrappedPrintStream:println:748]: 	at java.lang.System.exit(System.java:971)
[17:31:07] [main/INFO] [STDERR/]: [java.lang.Throwable$WrappedPrintStream:println:748]: 	at net.minecraft.launchwrapper.Launch.launch(Launch.java:138)
[17:31:07] [main/INFO] [STDERR/]: [java.lang.Throwable$WrappedPrintStream:println:748]: 	at net.minecraft.launchwrapper.Launch.main(Launch.java:28)
